
[1;90m                      ##[1;37m         .
[1;90m                ## ## ##[1;37m        ==
[1;90m             ## ## ## ##[1;37m       ===
[1;37m         /"""""""""""""""""\___/ ===
[1;34m    ~~~ [1;90m{[1;34m~~ ~~~~ ~~~ ~~~~ ~~~ ~[1;90m /  [1;37m===-[1;34m ~~~[0m
[1;90m         \______ X           __/
[1;90m           \    \         __/
[1;90m            \____\_______/[0m
          __                        
     ____/ /__  ___  ____  ________ 
    / __  / _ \/ _ \/ __ \/ ___/ _ \ [1;90m  ENUMERATE[0m
   / /_/ /  __/  __/ /_/ / (__/  __/ [1;90m ESCALATE[0m
   \__,_/\___/\___/ .___/\___/\___/[1;90m  ESCAPE[0m
                 /_/

 Docker Enumeration, Escalation of Privileges and Container Escapes (DEEPCE)
 by stealthcopter
  
[1;34m===================================[1;32m( Enumerating Platform )[1;34m===================================[0m
[1;33m[+][1;32m Inside Container ........ [0m[1;33mYes[0m
[1;33m[+][1;32m Container Platform ...... [0m[1;33mdocker[0m
[1;33m[+][1;32m Container tools ......... [0m[1;31mNone[0m
[1;33m[+][1;32m User .................... [0m[1;33mroot[0m
[1;33m[+][1;32m Groups .................. [0m[1;90m[1;37m[48;5;1mroot[0m[1;90m[0m
[1;33m[+][1;32m Docker Executable ....... [0m[1;90mNot Found[0m
[1;33m[+][1;32m Docker Sock ............. [0m[1;90mNot Found[0m
[1;33m[+][1;32m Docker Exploits ......... [0m[1;31mVersion Unknown[0m
[1;34m==================================[1;32m( Enumerating Container )[1;34m===================================[0m
[1;33m[+][1;32m Container ID ............ [0m[1;33m404ad571b954[0m
[1;33m[+][1;32m Container Full ID ....... [0m[1;33m404ad571b954b918ffa4e639ead67ff0d295fd20c6c39f24450c09b157551bab[0m
[1;33m[+][1;32m Container Name .......... [0m[1;31mCould not get container name through reverse DNS[0m
[1;33m[+][1;32m Container IP ............ [0m[1;31mCould not find IP[0m
[1;33m[+][1;32m DNS Server(s) ........... [0m[1;33m168.63.129.16 [0m
[1;33m[+][1;32m Host IP ................. [0m[1;31mCould not find Host IP[0m
[1;33m[+][1;32m Operating System ........ [0m[1;90mGNU/Linux[0m
[1;33m[+][1;32m Kernel .................. [0m[1;90m5.3.0-1032-azure[0m
[1;33m[+][1;32m Arch .................... [0m[1;90mx86_64[0m
[1;33m[+][1;32m CPU ..................... [0m[1;90mIntel(R) Xeon(R) Platinum 8171M CPU @ 2.60GHz[0m
[1;33m[+][1;32m Useful tools installed .. [0m[1;33mYes[0m
[1;90m/usr/bin/curl
/usr/bin/python3[0m
[1;33m[+][1;32m SSHD Service ............ [0m[1;31mUnknown (ps not installed)[0m
[1;33m[+][1;32m Privileged Mode ......... [0m[1;90mNo[0m
[1;34m====================================[1;32m( Enumerating Mounts )[1;34m====================================[0m
[1;33m[+][1;32m Docker sock mounted ....... [0m[1;90mNo[0m
[1;33m[+][1;32m Other mounts .............. [0m[1;33mYes[0m
[1;90m/home/runner/work/deepce/deepce/deepce.sh /root/deepce.sh rw,relatime - ext4 /dev/sda1 rw,discard[0m
[1;33m[+][1;32m Possible host usernames ... [0m[1;33mrunner/work/deepce/deepce/deepce.sh /root/deepce.sh rw,relatime - ext4 /dev [0m

[1;34m====================================[1;32m( Interesting Files )[1;34m=====================================[0m
[1;33m[+][1;32m Interesting environment variables ... [0m[1;90mNo[0m
[1;90mBinary file (standard input) matches[0m
[1;33m[+][1;32m Any common entrypoint files ......... [0m
[1;33m[+][1;32m Interesting files in root ........... [0m

[1;33m[+][1;32m Passwords in common files ........... [0m[1;90mNo[0m
[1;33m[+][1;32m Home directories .................... [0m[1;90mNo[0m
[1;33m[+][1;32m Hashes in shadow file ............... [0m[1;90mNo permission[0m

[1;33m[+][1;32m Searching for app dirs .............. [0m
[1;34m==================================[1;32m( Enumerating Containers )[1;34m==================================[0m
[1;90mBy default containers can communicate with other containers on the same network and the 
host machine, this can be used to enumerate further[0m

[1;34m===============================================[1;32m[1;34m===============================================[0m
